<?xml version="1.0" encoding="UTF-8"?>
<robot generator="Robot 3.2.2 (Python 3.8.5 on win32)" generated="20210215 20:53:41.083" rpa="false">
<suite id="s1" name="TestSuiteDemo" source="C:\Users\koukouko\eclipse-workspace\RobotProjectDemo\test\TestSuiteDemo.robot">
<test id="s1-t1" name="MySecondTest">
<kw name="Log" library="BuiltIn">
<doc>Logs the given message with the given level.</doc>
<arguments>
<arg>I am inside 2nd test</arg>
</arguments>
<msg timestamp="20210215 20:53:41.299" level="INFO">I am inside 2nd test</msg>
<status status="PASS" starttime="20210215 20:53:41.299" endtime="20210215 20:53:41.299"></status>
</kw>
<kw name="Set Tags" library="BuiltIn">
<doc>Adds given ``tags`` for the current test or all tests in a suite.</doc>
<arguments>
<arg>regression1</arg>
</arguments>
<msg timestamp="20210215 20:53:41.300" level="INFO">Set tag 'regression1'.</msg>
<status status="PASS" starttime="20210215 20:53:41.300" endtime="20210215 20:53:41.300"></status>
</kw>
<tags>
<tag>regression1</tag>
<tag>sanity</tag>
</tags>
<status status="PASS" starttime="20210215 20:53:41.298" endtime="20210215 20:53:41.301" critical="yes"></status>
</test>
<test id="s1-t2" name="MyThirdTest">
<kw name="Log" library="BuiltIn">
<doc>Logs the given message with the given level.</doc>
<arguments>
<arg>I am inside 3rd test</arg>
</arguments>
<msg timestamp="20210215 20:53:41.304" level="INFO">I am inside 3rd test</msg>
<status status="PASS" starttime="20210215 20:53:41.304" endtime="20210215 20:53:41.304"></status>
</kw>
<tags>
<tag>sanity</tag>
</tags>
<status status="PASS" starttime="20210215 20:53:41.303" endtime="20210215 20:53:41.305" critical="yes"></status>
</test>
<status status="PASS" starttime="20210215 20:53:41.085" endtime="20210215 20:53:41.307"></status>
</suite>
<statistics>
<total>
<stat pass="2" fail="0">Critical Tests</stat>
<stat pass="2" fail="0">All Tests</stat>
</total>
<tag>
<stat pass="1" fail="0">regression1</stat>
<stat pass="2" fail="0">sanity</stat>
</tag>
<suite>
<stat pass="2" fail="0" id="s1" name="TestSuiteDemo">TestSuiteDemo</stat>
</suite>
</statistics>
<errors>
</errors>
</robot>
